<?xml version="1.0" encoding="UTF-8"?>
<!--
  ~ Copyright 2013 Johns Hopkins University
  ~
  ~ Licensed under the Apache License, Version 2.0 (the "License");
  ~ you may not use this file except in compliance with the License.
  ~ You may obtain a copy of the License at
  ~
  ~     http://www.apache.org/licenses/LICENSE-2.0
  ~
  ~ Unless required by applicable law or agreed to in writing, software
  ~ distributed under the License is distributed on an "AS IS" BASIS,
  ~ WITHOUT WARRANTIES OR CONDITIONS OF ANY KIND, either express or implied.
  ~ See the License for the specific language governing permissions and
  ~ limitations under the License.
  -->
<beans xmlns="http://www.springframework.org/schema/beans"
       xmlns:xsi="http://www.w3.org/2001/XMLSchema-instance"
       xsi:schemaLocation="http://www.springframework.org/schema/beans http://www.springframework.org/schema/beans/spring-beans-3.0.xsd">

  <bean id="packageAssemblerFactory" class="org.dataconservancy.packaging.tool.impl.generator.PackageAssemblerFactory">
    <property name="assemblers">
      <map key-type="java.lang.String" value-type="java.lang.Class">
        <entry key="test" value="org.dataconservancy.packaging.tool.impl.generator.mocks.MockPackageAssembler"/>
        <entry key="BOREM" value="org.dataconservancy.packaging.tool.impl.generator.BagItPackageAssembler"/>
      </map>
    </property>
  </bean>

  <bean id="packageModelBuilderFactory" class="org.dataconservancy.packaging.tool.impl.generator.PackageModelBuilderFactory">
    <property name="builders">
      <map key-type="java.lang.String"
           value-type="org.dataconservancy.packaging.tool.api.generator.PackageModelBuilder">
        <entry key="http://dataconservancy.org/spec/dcs-pkg-desc-BOREM" value-ref="packageModelBuilder_BOREM"/>
        <entry key="test" value-ref="testBuilder" />
      </map>
    </property>
  </bean>
  
  <bean id="testBuilder" class="org.dataconservancy.packaging.tool.impl.generator.mocks.MockPackageModelBuilder" />

  <bean id="packageModelBuilder_BOREM" class="org.dataconservancy.packaging.tool.impl.generator.PackageModelBuilderImpl">
    <property name="nodeVisitors">
      <list>
        <bean class="org.dataconservancy.packaging.tool.impl.generator.OreReMBuilder" />
        <!-- Don't need this for test
        <bean class="org.dataconservancy.packaging.tool.impl.generator.PackageStateBuilder">
          <property name="packageStateSerializer" ref="packageStateSerializer"/> 
        </bean>
        -->
        <bean class="org.dataconservancy.packaging.tool.impl.generator.DomainObjectResourceBuilder" />               
      </list>
    </property>
  </bean>

  <bean name="packageLocation" class="java.io.File">
    <constructor-arg value="${dcs.package.tool.package.dir}"/>
  </bean>

  <bean name="packageStagingLocation" class="java.io.File">
    <constructor-arg value="${dcs.package.tool.staging.dir}"/>
  </bean>

  <bean name="testContentLocation" class="java.io.File">
    <constructor-arg value="${dcs.package.tool.test.content}/TestContent" />
  </bean>

    <bean id="props" class="org.springframework.beans.factory.config.PropertyPlaceholderConfigurer">
    </bean>
</beans>